<?xml version="1.0" encoding="UTF-8"?>
<!-- Generated by org.testng.reporters.JUnitXMLReporter -->
<testsuite hostname="Apple" ignored="0" name="Default test" tests="3" failures="0" timestamp="2021-06-15T21:31:57 CEST" time="49.316" errors="0">
  <testcase name="addWishList" time="13.588" classname="tests.MyWishListTests"/>
  <testcase name="addMultipleWishList" time="8.259" classname="tests.MyWishListTests"/>
  <testcase name="removeWishList" time="7.76" classname="tests.MyWishListTests"/>
</testsuite> <!-- Default test -->
